<!DOCTYPE html PUBLIC "-//W3C//DTD XHTML 1.1//EN" "http://www.w3.org/TR/xhtml11/DTD/xhtml11.dtd">
<html xmlns="http://www.w3.org/1999/xhtml">
<head>
<meta http-equiv="content-type" content="text/html; charset=UTF-8"/>
<title>TestNG Report</title>
<style type="text/css">table {margin-bottom:10px;border-collapse:collapse;empty-cells:show}th,td {border:1px solid #009;padding:.25em .5em}th {vertical-align:bottom}td {vertical-align:top}table a {font-weight:bold}.stripe td {background-color: #E6EBF9}.num {text-align:right}.passedodd td {background-color: #3F3}.passedeven td {background-color: #0A0}.skippedodd td {background-color: #DDD}.skippedeven td {background-color: #CCC}.failedodd td,.attn {background-color: #F33}.failedeven td,.stripe .attn {background-color: #D00}.stacktrace {white-space:pre;font-family:monospace}.totop {font-size:85%;text-align:center;border-bottom:2px solid #000}.invisible {display:none}</style>
</head>
<body>
<table>
<tr><th>Test</th><th># Passed</th><th># Skipped</th><th># Failed</th><th>Time (ms)</th><th>Included Groups</th><th>Excluded Groups</th></tr>
<tr><th colspan="7">NeoBankServicesSuite</th></tr>
<tr><td><a href="#t0">neoBankTest1</a></td><td class="num">33</td><td class="num">0</td><td class="num attn">18</td><td class="num">392,309</td><td></td><td></td></tr>
</table>
<table id='summary'><thead><tr><th>Class</th><th>Method</th><th>Start</th><th>Time (ms)</th></tr></thead><tbody><tr><th colspan="4">NeoBankServicesSuite</th></tr></tbody><tbody id="t0"><tr><th colspan="4">neoBankTest1 &#8212; failed</th></tr><tr class="failedeven"><td rowspan="11">abound.neobank.TestCases.NewUSUserFlowTest</td><td><a href="#m0">cardIssuanceServicePassingFalseForCardCreationTest</a></td><td rowspan="1">1682928884872</td><td rowspan="1">1633</td></tr><tr class="failedeven"><td><a href="#m1">cardIssuanceServicePassingTrueForUserAgreementTest</a></td><td rowspan="1">1682928883002</td><td rowspan="1">1866</td></tr><tr class="failedeven"><td><a href="#m2">createACHServiceTest</a></td><td rowspan="1">1682928998310</td><td rowspan="1">1566</td></tr><tr class="failedeven"><td><a href="#m3">getCardNumberUnMaskedService</a></td><td rowspan="1">1682928993528</td><td rowspan="1">1586</td></tr><tr class="failedeven"><td><a href="#m4">getNodeIdTestForSecurity</a></td><td rowspan="1">1682928999878</td><td rowspan="1">3129</td></tr><tr class="failedeven"><td><a href="#m5">getPlaidAccountsData</a></td><td rowspan="1">1682928996709</td><td rowspan="1">1600</td></tr><tr class="failedeven"><td><a href="#m6">securityCheckPinService</a></td><td rowspan="1">1682929003009</td><td rowspan="1">1600</td></tr><tr class="failedeven"><td><a href="#m7">usUserBlockCardService</a></td><td rowspan="1">1682928995116</td><td rowspan="1">1592</td></tr><tr class="failedeven"><td><a href="#m8">usUserCardActivate</a></td><td rowspan="1">1682928886507</td><td rowspan="1">103677</td></tr><tr class="failedeven"><td><a href="#m9">usUserTransactions</a></td><td rowspan="1">1682928990185</td><td rowspan="1">1713</td></tr><tr class="failedeven"><td><a href="#m10">usUserTransactionsPerPage</a></td><td rowspan="1">1682928991900</td><td rowspan="1">1628</td></tr><tr class="failedodd"><td rowspan="7">abound.neobank.TestCases.RemittanceFlowTest</td><td><a href="#m11">addBeneficiaryTest</a></td><td rowspan="1">1682929028734</td><td rowspan="1">1627</td></tr><tr class="failedodd"><td><a href="#m12">getExgangeRateTest</a></td><td rowspan="1">1682929004609</td><td rowspan="1">24124</td></tr><tr class="failedodd"><td><a href="#m13">getFundingSourceDataTest</a></td><td rowspan="1">1682929033582</td><td rowspan="1">1584</td></tr><tr class="failedodd"><td><a href="#m14">getPaymentReasonsDataTest</a></td><td rowspan="1">1682929031961</td><td rowspan="1">1619</td></tr><tr class="failedodd"><td><a href="#m15">getRequestIdTest</a></td><td rowspan="1">1682929035167</td><td rowspan="1">1598</td></tr><tr class="failedodd"><td><a href="#m16">getUserBeneficiaryListTest</a></td><td rowspan="1">1682929030362</td><td rowspan="1">1598</td></tr><tr class="failedodd"><td><a href="#m17">initiateTransactionTest</a></td><td rowspan="1">1682929036767</td><td rowspan="1">31993</td></tr><tr><th colspan="4">neoBankTest1 &#8212; passed</th></tr><tr class="passedeven"><td rowspan="4">abound.neobank.TestCases.NewUSUserFlowTest</td><td><a href="#m18">createDepositAccountServiceForAccountOpening</a></td><td rowspan="1">1682928877603</td><td rowspan="1">1700</td></tr><tr class="passedeven"><td><a href="#m19">createDepositAccountServiceForUserAgreement</a></td><td rowspan="1">1682928875984</td><td rowspan="1">1617</td></tr><tr class="passedeven"><td><a href="#m20">getBankAccountDetailsForNode</a></td><td rowspan="1">1682928881103</td><td rowspan="1">1897</td></tr><tr class="passedeven"><td><a href="#m21">getUserDetailService</a></td><td rowspan="1">1682928879305</td><td rowspan="1">1795</td></tr><tr class="passedodd"><td rowspan="29">abound.neobank.TestCases.SignUpAndKYCFlowTest</td><td><a href="#m22">apiFlowMappingTest</a></td><td rowspan="1">1682928870850</td><td rowspan="1">1762</td></tr><tr class="passedodd"><td><a href="#m23">apiFlowMappingTestForBlockedApis</a></td><td rowspan="1">1682928872614</td><td rowspan="1">1745</td></tr><tr class="passedodd"><td><a href="#m24">linkTokenTest</a></td><td rowspan="1">1682928676476</td><td rowspan="1">34387</td></tr><tr class="passedodd"><td><a href="#m25">otpServiceInvalidEmailIdAndAuthorization</a></td><td rowspan="1">1682928829467</td><td rowspan="1">1731</td></tr><tr class="passedodd"><td><a href="#m26">otpServiceTest</a></td><td rowspan="1">1682928764678</td><td rowspan="1">51844</td></tr><tr class="passedodd"><td><a href="#m27">signUpServiceTest</a></td><td rowspan="1">1682928710867</td><td rowspan="1">51999</td></tr><tr class="passedodd"><td><a href="#m28">uSignUpServiceTest</a></td><td rowspan="1">1682928762869</td><td rowspan="1">1804</td></tr><tr class="passedodd"><td><a href="#m29">validUpdateServiceOnPassingInvalidToken</a></td><td rowspan="1">1682928849138</td><td rowspan="1">1609</td></tr><tr class="passedodd"><td><a href="#m30">validateAdressServiceTest</a></td><td rowspan="1">1682928821957</td><td rowspan="1">2178</td></tr><tr class="passedodd"><td><a href="#m31">validateLoginServiceWithoutAuth</a></td><td rowspan="1">1682928850747</td><td rowspan="1">1778</td></tr><tr class="passedodd"><td><a href="#m32">validateSignUpServiceWithoutLongAndLatitude</a></td><td rowspan="1">1682928854340</td><td rowspan="1">1769</td></tr><tr class="passedodd"><td><a href="#m33">validateUpdateUserServiceOnNotPassingAuth</a></td><td rowspan="1">1682928857976</td><td rowspan="1">1571</td></tr><tr class="passedodd"><td><a href="#m34">validateWhenSameUserIsLoggedInWithAnotherDevices</a></td><td rowspan="1">1682928852527</td><td rowspan="1">1812</td></tr><tr class="passedodd"><td><a href="#m35">validationOfAddressFlowOnPassingWrongAddress</a></td><td rowspan="1">1682928840809</td><td rowspan="1">1727</td></tr><tr class="passedodd"><td><a href="#m36">validationOfAddressServiceOnWrongAdd</a></td><td rowspan="1">1682928847335</td><td rowspan="1">1801</td></tr><tr class="passedodd"><td><a href="#m37">validationOfGetKycStatusService</a></td><td rowspan="1">1682928859549</td><td rowspan="1">11299</td></tr><tr class="passedodd"><td><a href="#m38">validationOfInvalidSSNNumber</a></td><td rowspan="1">1682928842538</td><td rowspan="1">1580</td></tr><tr class="passedodd"><td><a href="#m39">validationOfKYCServiceNegative</a></td><td rowspan="1">1682928845696</td><td rowspan="1">1638</td></tr><tr class="passedodd"><td><a href="#m40">validationOfKYCSeviceWithoutDeviceId</a></td><td rowspan="1">1682928844120</td><td rowspan="1">1574</td></tr><tr class="passedodd"><td><a href="#m41">validationOfSynapseService</a></td><td rowspan="1">1682928832796</td><td rowspan="1">6426</td></tr><tr class="passedodd"><td><a href="#m42">validationOfSynapseServiceNegative</a></td><td rowspan="1">1682928874361</td><td rowspan="1">1620</td></tr><tr class="passedodd"><td><a href="#m43">validationOfTheSSNServcieOnPassingInvalidSSN</a></td><td rowspan="1">1682928831200</td><td rowspan="1">1594</td></tr><tr class="passedodd"><td><a href="#m44">validteLinkTokenOnMultipleHits</a></td><td rowspan="1">1682928856111</td><td rowspan="1">1864</td></tr><tr class="passedodd"><td><a href="#m45">verifyOtpServiceTest</a></td><td rowspan="1">1682928816525</td><td rowspan="1">3611</td></tr><tr class="passedodd"><td><a href="#m46">verifySignupWithoutPassingJWTandLinkToken</a></td><td rowspan="1">1682928825901</td><td rowspan="1">1743</td></tr><tr class="passedodd"><td><a href="#m47">verifyTheSSNService</a></td><td rowspan="1">1682928824137</td><td rowspan="1">1761</td></tr><tr class="passedodd"><td><a href="#m48">verifyTheUpdateUser</a></td><td rowspan="1">1682928820138</td><td rowspan="1">1816</td></tr><tr class="passedodd"><td><a href="#m49">verifyWithoutLinkTokenInOTPService</a></td><td rowspan="1">1682928827646</td><td rowspan="1">1820</td></tr><tr class="passedodd"><td><a href="#m50">xvalidationOfSynapseService</a></td><td rowspan="1">1682928839223</td><td rowspan="1">1584</td></tr></tbody>
</table>
<h2>neoBankTest1</h2><h3 id="m0">abound.neobank.TestCases.NewUSUserFlowTest#cardIssuanceServicePassingFalseForCardCreationTest</h3><table class="result"><tr><th>Exception</th></tr><tr><td><div class="stacktrace">io.restassured.path.json.exception.JsonPathException: Failed to parse the JSON document
	at io.restassured.path.json.JsonPath$ExceptionCatcher.invoke(JsonPath.java:1002)
	at io.restassured.path.json.JsonPath$4.doParseWith(JsonPath.java:967)
	at io.restassured.path.json.JsonPath$JsonParser.parseWith(JsonPath.java:1047)
	at io.restassured.path.json.JsonPath.get(JsonPath.java:202)
	at io.restassured.path.json.JsonPath.getString(JsonPath.java:352)
	at abound.neobank.services.NewUSUserFlow.cardIssuanceServicePassingFalseForCardCreation(NewUSUserFlow.java:281)
	at abound.neobank.TestCases.NewUSUserFlowTest.cardIssuanceServicePassingFalseForCardCreationTest(NewUSUserFlowTest.java:115)
Caused by: java.lang.IllegalArgumentException: The JSON input text should neither be null nor empty.
	at org.codehaus.groovy.runtime.callsite.ConstructorSite$ConstructorSiteNoUnwrapNoCoerce.callConstructor(ConstructorSite.java:108)
	at org.codehaus.groovy.runtime.callsite.CallSiteArray.defaultCallConstructor(CallSiteArray.java:58)
	at org.codehaus.groovy.runtime.callsite.AbstractCallSite.callConstructor(AbstractCallSite.java:263)
	at org.codehaus.groovy.runtime.callsite.AbstractCallSite.callConstructor(AbstractCallSite.java:277)
	at io.restassured.internal.path.json.ConfigurableJsonSlurper.parseText(ConfigurableJsonSlurper.groovy:80)
	at io.restassured.path.json.JsonPath$4$1.method(JsonPath.java:965)
	at io.restassured.path.json.JsonPath$ExceptionCatcher.invoke(JsonPath.java:1000)
	... 31 more
... Removed 30 stack frames</div></td></tr></table><p class="totop"><a href="#summary">back to summary</a></p>
<h3 id="m1">abound.neobank.TestCases.NewUSUserFlowTest#cardIssuanceServicePassingTrueForUserAgreementTest</h3><table class="result"><tr><th>Exception</th></tr><tr><td><div class="stacktrace">java.lang.AssertionError: expected [true] but found [false]
	at abound.neobank.TestCases.NewUSUserFlowTest.cardIssuanceServicePassingTrueForUserAgreementTest(NewUSUserFlowTest.java:109)
... Removed 29 stack frames</div></td></tr></table><p class="totop"><a href="#summary">back to summary</a></p>
<h3 id="m2">abound.neobank.TestCases.NewUSUserFlowTest#createACHServiceTest</h3><table class="result"><tr><th>Exception</th></tr><tr><td><div class="stacktrace">io.restassured.path.json.exception.JsonPathException: Failed to parse the JSON document
	at io.restassured.path.json.JsonPath$ExceptionCatcher.invoke(JsonPath.java:1002)
	at io.restassured.path.json.JsonPath$4.doParseWith(JsonPath.java:967)
	at io.restassured.path.json.JsonPath$JsonParser.parseWith(JsonPath.java:1047)
	at io.restassured.path.json.JsonPath.get(JsonPath.java:202)
	at io.restassured.path.json.JsonPath.getString(JsonPath.java:352)
	at abound.neobank.services.NewUSUserFlow.createACHService(NewUSUserFlow.java:601)
	at abound.neobank.TestCases.NewUSUserFlowTest.createACHServiceTest(NewUSUserFlowTest.java:203)
Caused by: java.lang.IllegalArgumentException: The JSON input text should neither be null nor empty.
	at org.codehaus.groovy.runtime.callsite.ConstructorSite$ConstructorSiteNoUnwrapNoCoerce.callConstructor(ConstructorSite.java:108)
	at org.codehaus.groovy.runtime.callsite.AbstractCallSite.callConstructor(AbstractCallSite.java:277)
	at io.restassured.internal.path.json.ConfigurableJsonSlurper.parseText(ConfigurableJsonSlurper.groovy:80)
	at io.restassured.path.json.JsonPath$4$1.method(JsonPath.java:965)
	at io.restassured.path.json.JsonPath$ExceptionCatcher.invoke(JsonPath.java:1000)
	... 31 more
... Removed 30 stack frames</div></td></tr></table><p class="totop"><a href="#summary">back to summary</a></p>
<h3 id="m3">abound.neobank.TestCases.NewUSUserFlowTest#getCardNumberUnMaskedService</h3><table class="result"><tr><th>Exception</th></tr><tr><td><div class="stacktrace">io.restassured.path.json.exception.JsonPathException: Failed to parse the JSON document
	at io.restassured.path.json.JsonPath$ExceptionCatcher.invoke(JsonPath.java:1002)
	at io.restassured.path.json.JsonPath$4.doParseWith(JsonPath.java:967)
	at io.restassured.path.json.JsonPath$JsonParser.parseWith(JsonPath.java:1047)
	at io.restassured.path.json.JsonPath.get(JsonPath.java:202)
	at io.restassured.path.json.JsonPath.getMap(JsonPath.java:420)
	at abound.neobank.services.NewUSUserFlow.getCardNumberUnMasked(NewUSUserFlow.java:204)
	at abound.neobank.TestCases.NewUSUserFlowTest.getCardNumberUnMaskedService(NewUSUserFlowTest.java:84)
Caused by: java.lang.IllegalArgumentException: The JSON input text should neither be null nor empty.
	at org.codehaus.groovy.runtime.callsite.ConstructorSite$ConstructorSiteNoUnwrapNoCoerce.callConstructor(ConstructorSite.java:108)
	at org.codehaus.groovy.runtime.callsite.AbstractCallSite.callConstructor(AbstractCallSite.java:277)
	at io.restassured.internal.path.json.ConfigurableJsonSlurper.parseText(ConfigurableJsonSlurper.groovy:80)
	at io.restassured.path.json.JsonPath$4$1.method(JsonPath.java:965)
	at io.restassured.path.json.JsonPath$ExceptionCatcher.invoke(JsonPath.java:1000)
	... 31 more
... Removed 30 stack frames</div></td></tr></table><p class="totop"><a href="#summary">back to summary</a></p>
<h3 id="m4">abound.neobank.TestCases.NewUSUserFlowTest#getNodeIdTestForSecurity</h3><table class="result"><tr><th>Exception</th></tr><tr><td><div class="stacktrace">io.restassured.path.json.exception.JsonPathException: Failed to parse the JSON document
	at io.restassured.path.json.JsonPath$ExceptionCatcher.invoke(JsonPath.java:1002)
	at io.restassured.path.json.JsonPath$4.doParseWith(JsonPath.java:967)
	at io.restassured.path.json.JsonPath$JsonParser.parseWith(JsonPath.java:1047)
	at io.restassured.path.json.JsonPath.get(JsonPath.java:202)
	at io.restassured.path.json.JsonPath.getMap(JsonPath.java:420)
	at abound.neobank.services.NewUSUserFlow.getCardNumberSecurityTest(NewUSUserFlow.java:681)
	at abound.neobank.services.NewUSUserFlow.getCardNumber(NewUSUserFlow.java:639)
	at abound.neobank.TestCases.NewUSUserFlowTest.getNodeIdTestForSecurity(NewUSUserFlowTest.java:218)
Caused by: java.lang.IllegalArgumentException: The JSON input text should neither be null nor empty.
	at org.codehaus.groovy.runtime.callsite.ConstructorSite$ConstructorSiteNoUnwrapNoCoerce.callConstructor(ConstructorSite.java:108)
	at org.codehaus.groovy.runtime.callsite.AbstractCallSite.callConstructor(AbstractCallSite.java:277)
	at io.restassured.internal.path.json.ConfigurableJsonSlurper.parseText(ConfigurableJsonSlurper.groovy:80)
	at io.restassured.path.json.JsonPath$4$1.method(JsonPath.java:965)
	at io.restassured.path.json.JsonPath$ExceptionCatcher.invoke(JsonPath.java:1000)
	... 32 more
... Removed 30 stack frames</div></td></tr></table><p class="totop"><a href="#summary">back to summary</a></p>
<h3 id="m5">abound.neobank.TestCases.NewUSUserFlowTest#getPlaidAccountsData</h3><table class="result"><tr><th>Exception</th></tr><tr><td><div class="stacktrace">io.restassured.path.json.exception.JsonPathException: Failed to parse the JSON document
	at io.restassured.path.json.JsonPath$ExceptionCatcher.invoke(JsonPath.java:1002)
	at io.restassured.path.json.JsonPath$4.doParseWith(JsonPath.java:967)
	at io.restassured.path.json.JsonPath$JsonParser.parseWith(JsonPath.java:1047)
	at io.restassured.path.json.JsonPath.get(JsonPath.java:202)
	at io.restassured.path.json.JsonPath.getMap(JsonPath.java:420)
	at abound.neobank.services.NewUSUserFlow.getPlaidAccountData(NewUSUserFlow.java:562)
	at abound.neobank.TestCases.NewUSUserFlowTest.getPlaidAccountsData(NewUSUserFlowTest.java:189)
Caused by: java.lang.IllegalArgumentException: The JSON input text should neither be null nor empty.
	at org.codehaus.groovy.runtime.callsite.ConstructorSite$ConstructorSiteNoUnwrapNoCoerce.callConstructor(ConstructorSite.java:108)
	at org.codehaus.groovy.runtime.callsite.AbstractCallSite.callConstructor(AbstractCallSite.java:277)
	at io.restassured.internal.path.json.ConfigurableJsonSlurper.parseText(ConfigurableJsonSlurper.groovy:80)
	at io.restassured.path.json.JsonPath$4$1.method(JsonPath.java:965)
	at io.restassured.path.json.JsonPath$ExceptionCatcher.invoke(JsonPath.java:1000)
	... 31 more
... Removed 30 stack frames</div></td></tr></table><p class="totop"><a href="#summary">back to summary</a></p>
<h3 id="m6">abound.neobank.TestCases.NewUSUserFlowTest#securityCheckPinService</h3><table class="result"><tr><th>Exception</th></tr><tr><td><div class="stacktrace">java.lang.AssertionError: expected [true] but found [false]
	at abound.neobank.TestCases.NewUSUserFlowTest.securityCheckPinService(NewUSUserFlowTest.java:240)
... Removed 29 stack frames</div></td></tr></table><p class="totop"><a href="#summary">back to summary</a></p>
<h3 id="m7">abound.neobank.TestCases.NewUSUserFlowTest#usUserBlockCardService</h3><table class="result"><tr><th>Exception</th></tr><tr><td><div class="stacktrace">java.lang.AssertionError: expected [true] but found [false]
	at abound.neobank.TestCases.NewUSUserFlowTest.usUserBlockCardService(NewUSUserFlowTest.java:183)
... Removed 29 stack frames</div></td></tr></table><p class="totop"><a href="#summary">back to summary</a></p>
<h3 id="m8">abound.neobank.TestCases.NewUSUserFlowTest#usUserCardActivate</h3><table class="result"><tr><th>Exception</th></tr><tr><td><div class="stacktrace">java.lang.AssertionError: expected [true] but found [false]
	at abound.neobank.TestCases.NewUSUserFlowTest.usUserCardActivate(NewUSUserFlowTest.java:140)
... Removed 29 stack frames</div></td></tr></table><p class="totop"><a href="#summary">back to summary</a></p>
<h3 id="m9">abound.neobank.TestCases.NewUSUserFlowTest#usUserTransactions</h3><table class="result"><tr><th>Exception</th></tr><tr><td><div class="stacktrace">io.restassured.path.json.exception.JsonPathException: Failed to parse the JSON document
	at io.restassured.path.json.JsonPath$ExceptionCatcher.invoke(JsonPath.java:1002)
	at io.restassured.path.json.JsonPath$4.doParseWith(JsonPath.java:967)
	at io.restassured.path.json.JsonPath$JsonParser.parseWith(JsonPath.java:1047)
	at io.restassured.path.json.JsonPath.get(JsonPath.java:202)
	at io.restassured.path.json.JsonPath.getMap(JsonPath.java:420)
	at abound.neobank.services.NewUSUserFlow.transactionPerPage(NewUSUserFlow.java:324)
	at abound.neobank.TestCases.NewUSUserFlowTest.usUserTransactions(NewUSUserFlowTest.java:146)
Caused by: java.lang.IllegalArgumentException: The JSON input text should neither be null nor empty.
	at org.codehaus.groovy.runtime.callsite.ConstructorSite$ConstructorSiteNoUnwrapNoCoerce.callConstructor(ConstructorSite.java:108)
	at org.codehaus.groovy.runtime.callsite.AbstractCallSite.callConstructor(AbstractCallSite.java:277)
	at io.restassured.internal.path.json.ConfigurableJsonSlurper.parseText(ConfigurableJsonSlurper.groovy:80)
	at io.restassured.path.json.JsonPath$4$1.method(JsonPath.java:965)
	at io.restassured.path.json.JsonPath$ExceptionCatcher.invoke(JsonPath.java:1000)
	... 31 more
... Removed 30 stack frames</div></td></tr></table><p class="totop"><a href="#summary">back to summary</a></p>
<h3 id="m10">abound.neobank.TestCases.NewUSUserFlowTest#usUserTransactionsPerPage</h3><table class="result"><tr><th>Exception</th></tr><tr><td><div class="stacktrace">java.lang.AssertionError: expected [true] but found [false]
	at abound.neobank.TestCases.NewUSUserFlowTest.usUserTransactionsPerPage(NewUSUserFlowTest.java:169)
... Removed 29 stack frames</div></td></tr></table><p class="totop"><a href="#summary">back to summary</a></p>
<h3 id="m11">abound.neobank.TestCases.RemittanceFlowTest#addBeneficiaryTest</h3><table class="result"><tr><th>Exception</th></tr><tr><td><div class="stacktrace">io.restassured.path.json.exception.JsonPathException: Failed to parse the JSON document
	at io.restassured.path.json.JsonPath$ExceptionCatcher.invoke(JsonPath.java:1002)
	at io.restassured.path.json.JsonPath$4.doParseWith(JsonPath.java:967)
	at io.restassured.path.json.JsonPath$JsonParser.parseWith(JsonPath.java:1047)
	at io.restassured.path.json.JsonPath.get(JsonPath.java:202)
	at io.restassured.path.json.JsonPath.getMap(JsonPath.java:420)
	at abound.neobank.services.Remittance.addBeneficiary(Remittance.java:174)
	at abound.neobank.TestCases.RemittanceFlowTest.addBeneficiaryTest(RemittanceFlowTest.java:34)
Caused by: java.lang.IllegalArgumentException: The JSON input text should neither be null nor empty.
	at org.codehaus.groovy.runtime.callsite.ConstructorSite$ConstructorSiteNoUnwrapNoCoerce.callConstructor(ConstructorSite.java:108)
	at org.codehaus.groovy.runtime.callsite.AbstractCallSite.callConstructor(AbstractCallSite.java:277)
	at io.restassured.internal.path.json.ConfigurableJsonSlurper.parseText(ConfigurableJsonSlurper.groovy:80)
	at io.restassured.path.json.JsonPath$4$1.method(JsonPath.java:965)
	at io.restassured.path.json.JsonPath$ExceptionCatcher.invoke(JsonPath.java:1000)
	... 31 more
... Removed 30 stack frames</div></td></tr></table><p class="totop"><a href="#summary">back to summary</a></p>
<h3 id="m12">abound.neobank.TestCases.RemittanceFlowTest#getExgangeRateTest</h3><table class="result"><tr><th>Exception</th></tr><tr><td><div class="stacktrace">java.lang.AssertionError: expected [true] but found [false]
	at abound.neobank.TestCases.RemittanceFlowTest.getExgangeRateTest(RemittanceFlowTest.java:28)
... Removed 29 stack frames</div></td></tr></table><p class="totop"><a href="#summary">back to summary</a></p>
<h3 id="m13">abound.neobank.TestCases.RemittanceFlowTest#getFundingSourceDataTest</h3><table class="result"><tr><th>Exception</th></tr><tr><td><div class="stacktrace">io.restassured.path.json.exception.JsonPathException: Failed to parse the JSON document
	at io.restassured.path.json.JsonPath$ExceptionCatcher.invoke(JsonPath.java:1002)
	at io.restassured.path.json.JsonPath$4.doParseWith(JsonPath.java:967)
	at io.restassured.path.json.JsonPath$JsonParser.parseWith(JsonPath.java:1047)
	at io.restassured.path.json.JsonPath.get(JsonPath.java:202)
	at io.restassured.path.json.JsonPath.getMap(JsonPath.java:420)
	at abound.neobank.services.Remittance.getFundingSourceData(Remittance.java:108)
	at abound.neobank.TestCases.RemittanceFlowTest.getFundingSourceDataTest(RemittanceFlowTest.java:81)
Caused by: java.lang.IllegalArgumentException: The JSON input text should neither be null nor empty.
	at org.codehaus.groovy.runtime.callsite.ConstructorSite$ConstructorSiteNoUnwrapNoCoerce.callConstructor(ConstructorSite.java:108)
	at org.codehaus.groovy.runtime.callsite.AbstractCallSite.callConstructor(AbstractCallSite.java:277)
	at io.restassured.internal.path.json.ConfigurableJsonSlurper.parseText(ConfigurableJsonSlurper.groovy:80)
	at io.restassured.path.json.JsonPath$4$1.method(JsonPath.java:965)
	at io.restassured.path.json.JsonPath$ExceptionCatcher.invoke(JsonPath.java:1000)
	... 31 more
... Removed 30 stack frames</div></td></tr></table><p class="totop"><a href="#summary">back to summary</a></p>
<h3 id="m14">abound.neobank.TestCases.RemittanceFlowTest#getPaymentReasonsDataTest</h3><table class="result"><tr><th>Exception</th></tr><tr><td><div class="stacktrace">java.lang.AssertionError: expected [true] but found [false]
	at abound.neobank.TestCases.RemittanceFlowTest.getPaymentReasonsDataTest(RemittanceFlowTest.java:75)
... Removed 29 stack frames</div></td></tr></table><p class="totop"><a href="#summary">back to summary</a></p>
<h3 id="m15">abound.neobank.TestCases.RemittanceFlowTest#getRequestIdTest</h3><table class="result"><tr><th>Exception</th></tr><tr><td><div class="stacktrace">io.restassured.path.json.exception.JsonPathException: Failed to parse the JSON document
	at io.restassured.path.json.JsonPath$ExceptionCatcher.invoke(JsonPath.java:1002)
	at io.restassured.path.json.JsonPath$4.doParseWith(JsonPath.java:967)
	at io.restassured.path.json.JsonPath$JsonParser.parseWith(JsonPath.java:1047)
	at io.restassured.path.json.JsonPath.get(JsonPath.java:202)
	at io.restassured.path.json.JsonPath.getString(JsonPath.java:352)
	at abound.neobank.services.Remittance.getRequestId(Remittance.java:206)
	at abound.neobank.TestCases.RemittanceFlowTest.getRequestIdTest(RemittanceFlowTest.java:111)
Caused by: java.lang.IllegalArgumentException: The JSON input text should neither be null nor empty.
	at org.codehaus.groovy.runtime.callsite.ConstructorSite$ConstructorSiteNoUnwrapNoCoerce.callConstructor(ConstructorSite.java:108)
	at org.codehaus.groovy.runtime.callsite.AbstractCallSite.callConstructor(AbstractCallSite.java:277)
	at io.restassured.internal.path.json.ConfigurableJsonSlurper.parseText(ConfigurableJsonSlurper.groovy:80)
	at io.restassured.path.json.JsonPath$4$1.method(JsonPath.java:965)
	at io.restassured.path.json.JsonPath$ExceptionCatcher.invoke(JsonPath.java:1000)
	... 31 more
... Removed 30 stack frames</div></td></tr></table><p class="totop"><a href="#summary">back to summary</a></p>
<h3 id="m16">abound.neobank.TestCases.RemittanceFlowTest#getUserBeneficiaryListTest</h3><table class="result"><tr><th>Exception</th></tr><tr><td><div class="stacktrace">java.lang.AssertionError: expected [true] but found [false]
	at abound.neobank.TestCases.RemittanceFlowTest.getUserBeneficiaryListTest(RemittanceFlowTest.java:59)
... Removed 29 stack frames</div></td></tr></table><p class="totop"><a href="#summary">back to summary</a></p>
<h3 id="m17">abound.neobank.TestCases.RemittanceFlowTest#initiateTransactionTest</h3><table class="result"><tr><th>Exception</th></tr><tr><td><div class="stacktrace">java.lang.AssertionError: expected [true] but found [false]
	at abound.neobank.TestCases.RemittanceFlowTest.initiateTransactionTest(RemittanceFlowTest.java:105)
... Removed 29 stack frames</div></td></tr></table><p class="totop"><a href="#summary">back to summary</a></p>
<h3 id="m18">abound.neobank.TestCases.NewUSUserFlowTest#createDepositAccountServiceForAccountOpening</h3><table class="result"><tr><th class="invisible"/></tr></table><p class="totop"><a href="#summary">back to summary</a></p>
<h3 id="m19">abound.neobank.TestCases.NewUSUserFlowTest#createDepositAccountServiceForUserAgreement</h3><table class="result"><tr><th class="invisible"/></tr></table><p class="totop"><a href="#summary">back to summary</a></p>
<h3 id="m20">abound.neobank.TestCases.NewUSUserFlowTest#getBankAccountDetailsForNode</h3><table class="result"><tr><th class="invisible"/></tr></table><p class="totop"><a href="#summary">back to summary</a></p>
<h3 id="m21">abound.neobank.TestCases.NewUSUserFlowTest#getUserDetailService</h3><table class="result"><tr><th class="invisible"/></tr></table><p class="totop"><a href="#summary">back to summary</a></p>
<h3 id="m22">abound.neobank.TestCases.SignUpAndKYCFlowTest#apiFlowMappingTest</h3><table class="result"><tr><th class="invisible"/></tr></table><p class="totop"><a href="#summary">back to summary</a></p>
<h3 id="m23">abound.neobank.TestCases.SignUpAndKYCFlowTest#apiFlowMappingTestForBlockedApis</h3><table class="result"><tr><th class="invisible"/></tr></table><p class="totop"><a href="#summary">back to summary</a></p>
<h3 id="m24">abound.neobank.TestCases.SignUpAndKYCFlowTest#linkTokenTest</h3><table class="result"><tr><th class="invisible"/></tr></table><p class="totop"><a href="#summary">back to summary</a></p>
<h3 id="m25">abound.neobank.TestCases.SignUpAndKYCFlowTest#otpServiceInvalidEmailIdAndAuthorization</h3><table class="result"><tr><th class="invisible"/></tr></table><p class="totop"><a href="#summary">back to summary</a></p>
<h3 id="m26">abound.neobank.TestCases.SignUpAndKYCFlowTest#otpServiceTest</h3><table class="result"><tr><th class="invisible"/></tr></table><p class="totop"><a href="#summary">back to summary</a></p>
<h3 id="m27">abound.neobank.TestCases.SignUpAndKYCFlowTest#signUpServiceTest</h3><table class="result"><tr><th class="invisible"/></tr></table><p class="totop"><a href="#summary">back to summary</a></p>
<h3 id="m28">abound.neobank.TestCases.SignUpAndKYCFlowTest#uSignUpServiceTest</h3><table class="result"><tr><th class="invisible"/></tr></table><p class="totop"><a href="#summary">back to summary</a></p>
<h3 id="m29">abound.neobank.TestCases.SignUpAndKYCFlowTest#validUpdateServiceOnPassingInvalidToken</h3><table class="result"><tr><th class="invisible"/></tr></table><p class="totop"><a href="#summary">back to summary</a></p>
<h3 id="m30">abound.neobank.TestCases.SignUpAndKYCFlowTest#validateAdressServiceTest</h3><table class="result"><tr><th class="invisible"/></tr></table><p class="totop"><a href="#summary">back to summary</a></p>
<h3 id="m31">abound.neobank.TestCases.SignUpAndKYCFlowTest#validateLoginServiceWithoutAuth</h3><table class="result"><tr><th class="invisible"/></tr></table><p class="totop"><a href="#summary">back to summary</a></p>
<h3 id="m32">abound.neobank.TestCases.SignUpAndKYCFlowTest#validateSignUpServiceWithoutLongAndLatitude</h3><table class="result"><tr><th class="invisible"/></tr></table><p class="totop"><a href="#summary">back to summary</a></p>
<h3 id="m33">abound.neobank.TestCases.SignUpAndKYCFlowTest#validateUpdateUserServiceOnNotPassingAuth</h3><table class="result"><tr><th class="invisible"/></tr></table><p class="totop"><a href="#summary">back to summary</a></p>
<h3 id="m34">abound.neobank.TestCases.SignUpAndKYCFlowTest#validateWhenSameUserIsLoggedInWithAnotherDevices</h3><table class="result"><tr><th class="invisible"/></tr></table><p class="totop"><a href="#summary">back to summary</a></p>
<h3 id="m35">abound.neobank.TestCases.SignUpAndKYCFlowTest#validationOfAddressFlowOnPassingWrongAddress</h3><table class="result"><tr><th class="invisible"/></tr></table><p class="totop"><a href="#summary">back to summary</a></p>
<h3 id="m36">abound.neobank.TestCases.SignUpAndKYCFlowTest#validationOfAddressServiceOnWrongAdd</h3><table class="result"><tr><th class="invisible"/></tr></table><p class="totop"><a href="#summary">back to summary</a></p>
<h3 id="m37">abound.neobank.TestCases.SignUpAndKYCFlowTest#validationOfGetKycStatusService</h3><table class="result"><tr><th class="invisible"/></tr></table><p class="totop"><a href="#summary">back to summary</a></p>
<h3 id="m38">abound.neobank.TestCases.SignUpAndKYCFlowTest#validationOfInvalidSSNNumber</h3><table class="result"><tr><th class="invisible"/></tr></table><p class="totop"><a href="#summary">back to summary</a></p>
<h3 id="m39">abound.neobank.TestCases.SignUpAndKYCFlowTest#validationOfKYCServiceNegative</h3><table class="result"><tr><th class="invisible"/></tr></table><p class="totop"><a href="#summary">back to summary</a></p>
<h3 id="m40">abound.neobank.TestCases.SignUpAndKYCFlowTest#validationOfKYCSeviceWithoutDeviceId</h3><table class="result"><tr><th class="invisible"/></tr></table><p class="totop"><a href="#summary">back to summary</a></p>
<h3 id="m41">abound.neobank.TestCases.SignUpAndKYCFlowTest#validationOfSynapseService</h3><table class="result"><tr><th class="invisible"/></tr></table><p class="totop"><a href="#summary">back to summary</a></p>
<h3 id="m42">abound.neobank.TestCases.SignUpAndKYCFlowTest#validationOfSynapseServiceNegative</h3><table class="result"><tr><th class="invisible"/></tr></table><p class="totop"><a href="#summary">back to summary</a></p>
<h3 id="m43">abound.neobank.TestCases.SignUpAndKYCFlowTest#validationOfTheSSNServcieOnPassingInvalidSSN</h3><table class="result"><tr><th class="invisible"/></tr></table><p class="totop"><a href="#summary">back to summary</a></p>
<h3 id="m44">abound.neobank.TestCases.SignUpAndKYCFlowTest#validteLinkTokenOnMultipleHits</h3><table class="result"><tr><th class="invisible"/></tr></table><p class="totop"><a href="#summary">back to summary</a></p>
<h3 id="m45">abound.neobank.TestCases.SignUpAndKYCFlowTest#verifyOtpServiceTest</h3><table class="result"><tr><th class="invisible"/></tr></table><p class="totop"><a href="#summary">back to summary</a></p>
<h3 id="m46">abound.neobank.TestCases.SignUpAndKYCFlowTest#verifySignupWithoutPassingJWTandLinkToken</h3><table class="result"><tr><th class="invisible"/></tr></table><p class="totop"><a href="#summary">back to summary</a></p>
<h3 id="m47">abound.neobank.TestCases.SignUpAndKYCFlowTest#verifyTheSSNService</h3><table class="result"><tr><th class="invisible"/></tr></table><p class="totop"><a href="#summary">back to summary</a></p>
<h3 id="m48">abound.neobank.TestCases.SignUpAndKYCFlowTest#verifyTheUpdateUser</h3><table class="result"><tr><th class="invisible"/></tr></table><p class="totop"><a href="#summary">back to summary</a></p>
<h3 id="m49">abound.neobank.TestCases.SignUpAndKYCFlowTest#verifyWithoutLinkTokenInOTPService</h3><table class="result"><tr><th class="invisible"/></tr></table><p class="totop"><a href="#summary">back to summary</a></p>
<h3 id="m50">abound.neobank.TestCases.SignUpAndKYCFlowTest#xvalidationOfSynapseService</h3><table class="result"><tr><th class="invisible"/></tr></table><p class="totop"><a href="#summary">back to summary</a></p>
</body>
</html>
